2025-04-25 02:51:09,217 [ERROR] LogOutputStream:75 - [STDERR_REDIRECT] 
2025-04-25 02:54:48,438 [INFO] Activator:176 - 


2025-04-25 02:54:48,439 [INFO] Activator:177 - !SESSION log4j initialized
2025-04-25 02:54:51,900 [INFO] LogOutputStream:77 - [STDOUT_REDIRECT] 
2025-04-25 02:54:53,661 [INFO] ApplicationProperties:184 - Using Application install path: /home/adrian/st/stm32cubeide_1.17.0/plugins/com.st.stm32cube.common.mx_6.14.0.202502271554
2025-04-25 02:54:53,674 [INFO] DbMcusXml:78 - Set database path to: /home/adrian/st/stm32cubeide_1.17.0/plugins/com.st.stm32cube.common.mx_6.14.0.202502271554//db//mcu/
2025-04-25 02:54:53,675 [INFO] ApiDb:274 - Set plugin database path to: /home/adrian/st/stm32cubeide_1.17.0/plugins/com.st.stm32cube.common.mx_6.14.0.202502271554//db//plugins/boardmanager/
2025-04-25 02:54:53,675 [WARN] ApiDb:259 - Overriding images path with different value:  => /home/adrian/st/stm32cubeide_1.17.0/plugins/com.st.stm32cube.common.mx_6.14.0.202502271554//db//plugins/mcufinder/images/
2025-04-25 02:54:53,678 [INFO] ApiDb:250 - Set database path to: /home/adrian/.stmcufinder/plugins/mcufinder//mcu/
2025-04-25 02:54:53,679 [INFO] DbMcusAds:125 - Set database path to: /home/adrian/.stmcufinder/plugins/mcufinder//mcu/
2025-04-25 02:54:53,681 [INFO] CrossReferenceDbSqlite:203 - Set database path to: /home/adrian/.stmcufinder/plugins/mcufinder//mcu/cs/
2025-04-25 02:54:53,774 [INFO] RulesReader:64 - Compatibility file has been processed (301 Rules)
2025-04-25 02:54:53,826 [INFO] DbMcusXml:78 - Set database path to: /home/adrian/st/stm32cubeide_1.17.0/plugins/com.st.stm32cube.common.mx_6.14.0.202502271554//db//mcu/
2025-04-25 02:54:53,826 [INFO] ApiDb:274 - Set plugin database path to: /home/adrian/st/stm32cubeide_1.17.0/plugins/com.st.stm32cube.common.mx_6.14.0.202502271554//db//plugins/boardmanager/
2025-04-25 02:54:53,826 [INFO] ApiDb:261 - Set plugin images path to: /home/adrian/st/stm32cubeide_1.17.0/plugins/com.st.stm32cube.common.mx_6.14.0.202502271554//db//plugins/mcufinder/images/
2025-04-25 02:54:53,827 [WARN] DbFile:41 - Overriding database path with different value: /home/adrian/.stmcufinder/plugins/mcufinder/ => /home/adrian/.stmcufinder/plugins/mcufinder
2025-04-25 02:54:53,827 [INFO] ApiDb:250 - Set database path to: /home/adrian/.stmcufinder/plugins/mcufinder//mcu/
2025-04-25 02:54:53,827 [WARN] DbFile:41 - Overriding database path with different value: /home/adrian/.stmcufinder/plugins/mcufinder/ => /home/adrian/.stmcufinder/plugins/mcufinder
2025-04-25 02:54:53,827 [INFO] DbMcusAds:125 - Set database path to: /home/adrian/.stmcufinder/plugins/mcufinder//mcu/
2025-04-25 02:54:53,827 [WARN] DbFile:41 - Overriding database path with different value: /home/adrian/.stmcufinder/plugins/mcufinder/ => /home/adrian/.stmcufinder/plugins/mcufinder
2025-04-25 02:54:53,827 [WARN] DbFile:41 - Overriding database path with different value: /home/adrian/.stmcufinder/plugins/mcufinder/ => /home/adrian/.stmcufinder/plugins/mcufinder
2025-04-25 02:54:53,827 [INFO] CrossReferenceDbSqlite:203 - Set database path to: /home/adrian/.stmcufinder/plugins/mcufinder//mcu/cs/
2025-04-25 02:54:53,870 [INFO] MainPanel:272 - HeapMemory: 268435456
2025-04-25 02:54:53,954 [INFO] DbMcusXml:78 - Set database path to: /home/adrian/st/stm32cubeide_1.17.0/plugins/com.st.stm32cube.common.mx_6.14.0.202502271554//db//mcu/
2025-04-25 02:54:53,954 [INFO] ApiDb:274 - Set plugin database path to: /home/adrian/st/stm32cubeide_1.17.0/plugins/com.st.stm32cube.common.mx_6.14.0.202502271554//db//plugins/boardmanager/
2025-04-25 02:54:53,954 [INFO] ApiDb:261 - Set plugin images path to: /home/adrian/st/stm32cubeide_1.17.0/plugins/com.st.stm32cube.common.mx_6.14.0.202502271554//db//plugins/mcufinder/images/
2025-04-25 02:54:53,954 [WARN] DbFile:41 - Overriding database path with different value: /home/adrian/.stmcufinder/plugins/mcufinder/ => /home/adrian/.stmcufinder/plugins/mcufinder
2025-04-25 02:54:53,955 [INFO] ApiDb:250 - Set database path to: /home/adrian/.stmcufinder/plugins/mcufinder//mcu/
2025-04-25 02:54:53,955 [WARN] DbFile:41 - Overriding database path with different value: /home/adrian/.stmcufinder/plugins/mcufinder/ => /home/adrian/.stmcufinder/plugins/mcufinder
2025-04-25 02:54:53,955 [INFO] DbMcusAds:125 - Set database path to: /home/adrian/.stmcufinder/plugins/mcufinder//mcu/
2025-04-25 02:54:53,955 [WARN] DbFile:41 - Overriding database path with different value: /home/adrian/.stmcufinder/plugins/mcufinder/ => /home/adrian/.stmcufinder/plugins/mcufinder
2025-04-25 02:54:53,955 [WARN] DbFile:41 - Overriding database path with different value: /home/adrian/.stmcufinder/plugins/mcufinder/ => /home/adrian/.stmcufinder/plugins/mcufinder
2025-04-25 02:54:53,955 [INFO] CrossReferenceDbSqlite:203 - Set database path to: /home/adrian/.stmcufinder/plugins/mcufinder//mcu/cs/
2025-04-25 02:54:53,968 [INFO] ApplicationProperties:184 - Using Application install path: /home/adrian/st/stm32cubeide_1.17.0/plugins/com.st.stm32cube.common.mx_6.14.0.202502271554
2025-04-25 02:54:53,969 [INFO] PluginManage:196 - Search for loadable plugins [exclusion list=, ]
2025-04-25 02:54:53,969 [INFO] PluginManage:310 - Check plugin analytics
2025-04-25 02:54:54,081 [INFO] AnalyticsPlugin:253 - Accepted Software Licenses: 
2025-04-25 02:54:54,081 [INFO] AnalyticsPlugin:255 - Accepted CMSIS Pack Licenses: 
2025-04-25 02:54:54,081 [INFO] AnalyticsPlugin:257 - Accepted Firmware Licenses: FW.F4.1.28.0,FW.F7.1.17.0
2025-04-25 02:54:54,083 [INFO] PluginManage:359 - Loaded plugin analytics (category:tool,tabindex:-1)
2025-04-25 02:54:54,084 [INFO] PluginManage:310 - Check plugin cadmodel
2025-04-25 02:54:54,086 [INFO] CADModel:105 - Init CAD model plugin
2025-04-25 02:54:54,086 [INFO] PluginManage:359 - Loaded plugin cadmodel (category:power,tabindex:5)
2025-04-25 02:54:54,087 [INFO] PluginManage:310 - Check plugin clock
2025-04-25 02:54:54,094 [INFO] PluginManage:359 - Loaded plugin clock (category:base,tabindex:2)
2025-04-25 02:54:54,094 [INFO] PluginManage:310 - Check plugin ddr
2025-04-25 02:54:54,096 [INFO] PluginManage:359 - Loaded plugin ddr (category:tool,tabindex:6)
2025-04-25 02:54:54,096 [INFO] PluginManage:310 - Check plugin filemanager
2025-04-25 02:54:54,218 [INFO] PluginManage:359 - Loaded plugin filemanager (category:base,tabindex:10)
2025-04-25 02:54:54,219 [INFO] PluginManage:310 - Check plugin ipmanager
2025-04-25 02:54:54,224 [INFO] PluginManage:359 - Loaded plugin ipmanager (category:base,tabindex:5)
2025-04-25 02:54:54,225 [INFO] PluginManage:310 - Check plugin lpbam
2025-04-25 02:54:54,233 [INFO] PluginManage:359 - Loaded plugin lpbam (category:base,tabindex:0)
2025-04-25 02:54:54,233 [INFO] PluginManage:310 - Check plugin memorymap
2025-04-25 02:54:54,242 [INFO] PluginManage:359 - Loaded plugin memorymap (category:base,tabindex:4)
2025-04-25 02:54:54,242 [INFO] PluginManage:310 - Check plugin pinoutandconfiguration
2025-04-25 02:54:54,249 [INFO] PluginManage:359 - Loaded plugin pinoutandconfiguration (category:base,tabindex:1)
2025-04-25 02:54:54,249 [INFO] PluginManage:310 - Check plugin pinoutconfig
2025-04-25 02:54:54,321 [WARN] SupportedApi:132 - Cannot load RTOS API schema: s4s-elt-must-match.1: The content of 'definitions' must match (annotation?, (simpleType | complexType)?, (unique | key | keyref)*)). A problem was found starting at: attribute.
2025-04-25 02:54:54,425 [INFO] PluginManage:359 - Loaded plugin pinoutconfig (category:base,tabindex:0)
2025-04-25 02:54:54,425 [INFO] PluginManage:310 - Check plugin power
2025-04-25 02:54:54,431 [INFO] PluginManage:359 - Loaded plugin power (category:power,tabindex:4)
2025-04-25 02:54:54,432 [INFO] PluginManage:310 - Check plugin projectmanager
2025-04-25 02:54:54,444 [INFO] PluginManage:359 - Loaded plugin projectmanager (category:projectmanager,tabindex:4)
2025-04-25 02:54:54,445 [INFO] PluginManage:310 - Check plugin rif
2025-04-25 02:54:54,450 [INFO] PluginManage:359 - Loaded plugin rif (category:base,tabindex:3)
2025-04-25 02:54:54,450 [INFO] PluginManage:310 - Check plugin thirdparty
2025-04-25 02:54:54,550 [INFO] PluginManage:359 - Loaded plugin thirdparty (category:base,tabindex:-1)
2025-04-25 02:54:54,550 [WARN] IntegrityCheckThread:84 - waiting for thirdparty lock release [integrity check]
2025-04-25 02:54:54,550 [INFO] PluginManage:310 - Check plugin tools
2025-04-25 02:54:54,550 [INFO] IntegrityCheckThread:86 - entering critical section [integrity check]
2025-04-25 02:54:54,551 [INFO] ThirdPartyUpdaterWithRetryManager:70 - Updater plugin not ready yet. [1/15]
2025-04-25 02:54:54,552 [INFO] PluginManage:359 - Loaded plugin tools (category:base,tabindex:7)
2025-04-25 02:54:54,552 [INFO] PluginManage:310 - Check plugin tutovideos
2025-04-25 02:54:54,692 [INFO] PluginManage:359 - Loaded plugin tutovideos (category:base,tabindex:-1)
2025-04-25 02:54:54,692 [INFO] PluginManage:310 - Check plugin updater
2025-04-25 02:54:54,709 [INFO] PluginManage:359 - Loaded plugin updater (category:base,tabindex:12)
2025-04-25 02:54:54,710 [INFO] PluginManage:310 - Check plugin userauth
2025-04-25 02:54:54,712 [INFO] UserAuth:118 - Init User Auth plugin
2025-04-25 02:54:54,713 [INFO] PluginManage:359 - Loaded plugin userauth (category:base,tabindex:14)
2025-04-25 02:54:54,713 [INFO] PluginManage:283 - PluginManage : Loaded plugins [18]
2025-04-25 02:54:54,853 [INFO] PinOutPanel:1589 - setPackage(No Configuration,No Configuration)
2025-04-25 02:54:54,901 [INFO] CADModel:165 - CPN selected for project level
2025-04-25 02:54:54,902 [INFO] CADModel:114 - Register for checkConnection events
2025-04-25 02:54:54,909 [INFO] IPUIPlugin:80 - create IPUIPlugin
2025-04-25 02:54:54,909 [INFO] PluginManager:220 - loadIPPluginJar : add ddr_ctrl_phy
2025-04-25 02:54:54,910 [INFO] IPUIPlugin:80 - create IPUIPlugin
2025-04-25 02:54:54,910 [INFO] PluginManager:220 - loadIPPluginJar : add can
2025-04-25 02:54:54,912 [INFO] IPUIPlugin:80 - create IPUIPlugin
2025-04-25 02:54:54,912 [INFO] PluginManager:220 - loadIPPluginJar : add nvic
2025-04-25 02:54:54,913 [INFO] IPUIPlugin:80 - create IPUIPlugin
2025-04-25 02:54:54,913 [INFO] PluginManager:220 - loadIPPluginJar : add comp
2025-04-25 02:54:54,917 [INFO] IPUIPlugin:80 - create IPUIPlugin
2025-04-25 02:54:54,917 [INFO] PluginManager:220 - loadIPPluginJar : add stm32_wpan
2025-04-25 02:54:54,918 [INFO] IPUIPlugin:80 - create IPUIPlugin
2025-04-25 02:54:54,918 [INFO] PluginManager:220 - loadIPPluginJar : add resmgrutility
2025-04-25 02:54:54,919 [INFO] IPUIPlugin:80 - create IPUIPlugin
2025-04-25 02:54:54,919 [INFO] PluginManager:220 - loadIPPluginJar : add fatfs
2025-04-25 02:54:54,920 [INFO] IPUIPlugin:80 - create IPUIPlugin
2025-04-25 02:54:54,920 [INFO] PluginManager:220 - loadIPPluginJar : add openamp
2025-04-25 02:54:54,922 [INFO] IPUIPlugin:80 - create IPUIPlugin
2025-04-25 02:54:54,922 [INFO] PluginManager:220 - loadIPPluginJar : add sai
2025-04-25 02:54:54,923 [INFO] IPUIPlugin:80 - create IPUIPlugin
2025-04-25 02:54:54,923 [INFO] PluginManager:220 - loadIPPluginJar : add pdm2pcm
2025-04-25 02:54:54,924 [INFO] IPUIPlugin:80 - create IPUIPlugin
2025-04-25 02:54:54,924 [INFO] PluginManager:220 - loadIPPluginJar : add tsc
2025-04-25 02:54:54,926 [INFO] IPUIPlugin:80 - create IPUIPlugin
2025-04-25 02:54:54,926 [INFO] PluginManager:220 - loadIPPluginJar : add gpio
2025-04-25 02:54:54,926 [INFO] IPUIPlugin:80 - create IPUIPlugin
2025-04-25 02:54:54,927 [INFO] PluginManager:220 - loadIPPluginJar : add tracer_emb
2025-04-25 02:54:54,927 [INFO] IPUIPlugin:80 - create IPUIPlugin
2025-04-25 02:54:54,928 [INFO] PluginManager:220 - loadIPPluginJar : add hash
2025-04-25 02:54:54,928 [INFO] IPUIPlugin:80 - create IPUIPlugin
2025-04-25 02:54:54,928 [INFO] PluginManager:220 - loadIPPluginJar : add ltdc
2025-04-25 02:54:54,929 [INFO] IPUIPlugin:80 - create IPUIPlugin
2025-04-25 02:54:54,929 [INFO] PluginManager:220 - loadIPPluginJar : add usart
2025-04-25 02:54:54,933 [INFO] IPUIPlugin:80 - create IPUIPlugin
2025-04-25 02:54:54,933 [INFO] PluginManager:220 - loadIPPluginJar : add linkedlist
2025-04-25 02:54:54,934 [INFO] IPUIPlugin:80 - create IPUIPlugin
2025-04-25 02:54:54,934 [INFO] PluginManager:220 - loadIPPluginJar : add ucpd
2025-04-25 02:54:54,935 [INFO] IPUIPlugin:80 - create IPUIPlugin
2025-04-25 02:54:54,935 [INFO] PluginManager:220 - loadIPPluginJar : add cryp
2025-04-25 02:54:54,943 [INFO] IPUIPlugin:80 - create IPUIPlugin
2025-04-25 02:54:54,943 [INFO] PluginManager:220 - loadIPPluginJar : add tim
2025-04-25 02:54:54,945 [INFO] IPUIPlugin:80 - create IPUIPlugin
2025-04-25 02:54:54,945 [INFO] PluginManager:220 - loadIPPluginJar : add ipddr
2025-04-25 02:54:54,946 [INFO] IPUIPlugin:80 - create IPUIPlugin
2025-04-25 02:54:54,947 [INFO] PluginManager:220 - loadIPPluginJar : add i3c
2025-04-25 02:54:54,947 [INFO] IPUIPlugin:80 - create IPUIPlugin
2025-04-25 02:54:54,947 [INFO] PluginManager:220 - loadIPPluginJar : add quadspi
2025-04-25 02:54:54,948 [INFO] IPUIPlugin:80 - create IPUIPlugin
2025-04-25 02:54:54,949 [INFO] PluginManager:220 - loadIPPluginJar : add i2c
2025-04-25 02:54:54,949 [INFO] IPUIPlugin:80 - create IPUIPlugin
2025-04-25 02:54:54,950 [INFO] PluginManager:220 - loadIPPluginJar : add radio
2025-04-25 02:54:54,953 [INFO] IPUIPlugin:80 - create IPUIPlugin
2025-04-25 02:54:54,953 [INFO] PluginManager:220 - loadIPPluginJar : add mdma
2025-04-25 02:54:54,956 [INFO] IPUIPlugin:80 - create IPUIPlugin
2025-04-25 02:54:54,956 [INFO] PluginManager:220 - loadIPPluginJar : add gic
2025-04-25 02:54:54,957 [INFO] IPUIPlugin:80 - create IPUIPlugin
2025-04-25 02:54:54,957 [INFO] PluginManager:220 - loadIPPluginJar : add i2s
2025-04-25 02:54:54,958 [INFO] IPUIPlugin:80 - create IPUIPlugin
2025-04-25 02:54:54,958 [INFO] PluginManager:220 - loadIPPluginJar : add spi
2025-04-25 02:54:54,962 [INFO] IPUIPlugin:80 - create IPUIPlugin
2025-04-25 02:54:54,964 [INFO] PluginManager:220 - loadIPPluginJar : add plateformsettings
2025-04-25 02:54:54,965 [INFO] IPUIPlugin:80 - create IPUIPlugin
2025-04-25 02:54:54,965 [INFO] PluginManager:220 - loadIPPluginJar : add gtzc
2025-04-25 02:54:54,966 [INFO] IPUIPlugin:80 - create IPUIPlugin
2025-04-25 02:54:54,966 [INFO] PluginManager:220 - loadIPPluginJar : add dma3
2025-04-25 02:54:54,968 [INFO] IPUIPlugin:80 - create IPUIPlugin
2025-04-25 02:54:54,968 [INFO] PluginManager:220 - loadIPPluginJar : add usbx
2025-04-25 02:54:54,971 [INFO] IPUIPlugin:80 - create IPUIPlugin
2025-04-25 02:54:54,971 [INFO] PluginManager:220 - loadIPPluginJar : add freertos
2025-04-25 02:54:54,972 [INFO] IPUIPlugin:80 - create IPUIPlugin
2025-04-25 02:54:54,972 [INFO] PluginManager:220 - loadIPPluginJar : add dfsdm
2025-04-25 02:54:54,976 [INFO] IPUIPlugin:80 - create IPUIPlugin
2025-04-25 02:54:54,976 [INFO] PluginManager:220 - loadIPPluginJar : add dma
2025-04-25 02:54:54,977 [INFO] IPUIPlugin:80 - create IPUIPlugin
2025-04-25 02:54:54,977 [INFO] PluginManager:220 - loadIPPluginJar : add aes
2025-04-25 02:54:54,978 [INFO] IPUIPlugin:80 - create IPUIPlugin
2025-04-25 02:54:54,978 [INFO] PluginManager:220 - loadIPPluginJar : add ts
2025-04-25 02:54:54,980 [INFO] IPUIPlugin:80 - create IPUIPlugin
2025-04-25 02:54:54,981 [INFO] PluginManager:220 - loadIPPluginJar : add fmc
2025-04-25 02:54:54,982 [INFO] IPUIPlugin:80 - create IPUIPlugin
2025-04-25 02:54:54,982 [INFO] PluginManager:220 - loadIPPluginJar : add opamp
2025-04-25 02:54:54,983 [INFO] IPUIPlugin:80 - create IPUIPlugin
2025-04-25 02:54:54,983 [INFO] PluginManager:220 - loadIPPluginJar : add lorawan
2025-04-25 02:54:54,985 [INFO] IPUIPlugin:80 - create IPUIPlugin
2025-04-25 02:54:54,985 [INFO] PluginManager:220 - loadIPPluginJar : add touchsensing
2025-04-25 02:54:54,986 [INFO] IPUIPlugin:80 - create IPUIPlugin
2025-04-25 02:54:54,986 [INFO] PluginManager:220 - loadIPPluginJar : add extmemmanager
2025-04-25 02:54:54,987 [INFO] IPUIPlugin:80 - create IPUIPlugin
2025-04-25 02:54:54,987 [INFO] PluginManager:220 - loadIPPluginJar : add genericplugin
2025-04-25 02:54:54,988 [INFO] IPUIPlugin:80 - create IPUIPlugin
2025-04-25 02:54:54,988 [INFO] PluginManager:220 - loadIPPluginJar : add gfxmmu
2025-04-25 02:54:54,992 [INFO] IPUIPlugin:80 - create IPUIPlugin
2025-04-25 02:54:54,992 [INFO] PluginManager:220 - loadIPPluginJar : add adc
2025-04-25 02:54:55,087 [FATAL] Updater:351 - Updater called before beeing initialized
2025-04-25 02:54:55,110 [INFO] RulesReader:64 - Compatibility file has been processed (301 Rules)
2025-04-25 02:54:55,117 [INFO] RulesReader:64 - Compatibility file has been processed (301 Rules)
2025-04-25 02:54:55,121 [INFO] CADModel:165 - CPN selected for project level
2025-04-25 02:54:55,121 [INFO] CADModel:114 - Register for checkConnection events
2025-04-25 02:54:55,121 [FATAL] Updater:351 - Updater called before beeing initialized
2025-04-25 02:54:55,121 [ERROR] CADModel:125 - Updater not yet initialized, retry later 
2025-04-25 02:54:55,204 [FATAL] Updater:351 - Updater called before beeing initialized
2025-04-25 02:54:55,206 [INFO] CADModel:165 - CPN selected for project level
2025-04-25 02:54:55,206 [INFO] CADModel:114 - Register for checkConnection events
2025-04-25 02:54:55,206 [FATAL] Updater:351 - Updater called before beeing initialized
2025-04-25 02:54:55,206 [ERROR] CADModel:125 - Updater not yet initialized, retry later 
2025-04-25 02:54:55,208 [FATAL] Updater:351 - Updater called before beeing initialized
2025-04-25 02:54:55,280 [FATAL] Updater:351 - Updater called before beeing initialized
2025-04-25 02:54:55,283 [INFO] DbMcusAds:53 - JSON generation date=Thu Mar 06 08:54:22 CST 2025 (1741272862204)
2025-04-25 02:54:55,283 [FATAL] Updater:351 - Updater called before beeing initialized
2025-04-25 02:54:55,313 [WARN] DetailPanel:346 - Failed to get advertising image, set to default
2025-04-25 02:54:55,526 [FATAL] Updater:351 - Updater called before beeing initialized
2025-04-25 02:54:55,528 [FATAL] Updater:351 - Updater called before beeing initialized
2025-04-25 02:54:55,528 [FATAL] Updater:351 - Updater called before beeing initialized
2025-04-25 02:54:55,528 [WARN] DetailPanel:346 - Failed to get advertising image, set to default
2025-04-25 02:54:55,528 [FATAL] Updater:351 - Updater called before beeing initialized
2025-04-25 02:54:55,554 [ERROR] Updater:1198 - MainUpdater not yet initialized. External WinMGr cannot be set.
2025-04-25 02:54:55,556 [INFO] Updater:1134 - Updater Version found : 6.14.0
2025-04-25 02:54:55,570 [INFO] ApplicationProperties:184 - Using Application install path: /home/adrian/st/stm32cubeide_1.17.0/plugins/com.st.stm32cube.common.mx_6.14.0.202502271554
2025-04-25 02:54:56,709 [INFO] MainUpdater:2872 - connection check result : 10
2025-04-25 02:54:56,710 [INFO] MainUpdater:289 - Updater Check For Update Now.
2025-04-25 02:54:56,710 [INFO] MicroXplorer:498 - Change Database Version : DB.6.0.140
2025-04-25 02:54:56,713 [INFO] McuFinderGlobals:63 - Set McuFinder mode to 2 (CubeIDE integrated)
2025-04-25 02:54:56,713 [INFO] UserAuth:486 - Internet connection configuration mode: 1
2025-04-25 02:54:56,720 [INFO] JxBrowserEngine:152 - Initiate JxBrowser Engine with user profile folder
2025-04-25 02:54:56,859 [INFO] CheckServerUpdateThread:120 - End of CheckServer Thread
2025-04-25 02:54:57,228 [INFO] WebApp:169 - Instantiating new browser for Auth
2025-04-25 02:54:57,643 [WARN] PackLoader:240 - Cannot read IP mode file for STMicroelectronics.FP-SNS-MOTENVWB1.1.4.0
2025-04-25 02:54:57,649 [WARN] PackLoader:240 - Cannot read IP mode file for STMicroelectronics.FP-ATR-ASTRA1.2.0.2
2025-04-25 02:54:57,652 [WARN] PackLoader:240 - Cannot read IP mode file for STMicroelectronics.FP-ATR-ASTRA1.2.0.1
2025-04-25 02:54:57,658 [WARN] PackLoader:240 - Cannot read IP mode file for STMicroelectronics.X-CUBE-SMBUS.2.1.0
2025-04-25 02:54:57,664 [WARN] PackLoader:240 - Cannot read IP mode file for STMicroelectronics.X-CUBE-WB05N.1.1.0
2025-04-25 02:54:57,696 [WARN] PackLoader:240 - Cannot read IP mode file for STMicroelectronics.X-CUBE-AZRTOS-F7.1.1.0
2025-04-25 02:54:57,704 [WARN] PackLoader:240 - Cannot read IP mode file for STMicroelectronics.FP-SNS-FLIGHT1.5.0.2
2025-04-25 02:54:57,737 [WARN] PackLoader:240 - Cannot read IP mode file for Infineon.AIROC-Wi-Fi-Bluetooth-STM32.1.7.0
2025-04-25 02:54:57,752 [WARN] PackLoader:240 - Cannot read IP mode file for STMicroelectronics.X-CUBE-DISPLAY.3.0.0
2025-04-25 02:54:57,764 [WARN] PackLoader:240 - Cannot read IP mode file for STMicroelectronics.X-CUBE-BLE1.7.0.0
2025-04-25 02:54:57,771 [WARN] PackLoader:240 - Cannot read IP mode file for STMicroelectronics.X-CUBE-NFC10.1.0.0
2025-04-25 02:54:57,785 [WARN] PackLoader:240 - Cannot read IP mode file for STMicroelectronics.X-CUBE-BLEMGR.4.0.0
2025-04-25 02:54:57,794 [WARN] PackLoader:240 - Cannot read IP mode file for emotas.I-CUBE-CANOPEN.1.3.0
2025-04-25 02:54:57,798 [WARN] PackLoader:240 - Cannot read IP mode file for STMicroelectronics.X-CUBE-AI.10.0.0
2025-04-25 02:54:57,802 [WARN] PackLoader:240 - Cannot read IP mode file for STMicroelectronics.FP-SNS-SMARTAG2.1.2.0
2025-04-25 02:54:57,806 [WARN] PackLoader:240 - Cannot read IP mode file for STMicroelectronics.FP-SNS-FLIGHT1.5.1.0
2025-04-25 02:54:57,860 [WARN] PackLoader:240 - Cannot read IP mode file for STMicroelectronics.X-CUBE-MEMS1.11.1.0
2025-04-25 02:54:57,955 [INFO] WebApp:463 - Apply proxy settings
2025-04-25 02:54:57,956 [INFO] WebApp:548 - Chromium requires no authentication
2025-04-25 02:54:57,967 [INFO] WebApp:491 - Direct internet connection detected
2025-04-25 02:54:58,012 [INFO] WebApp:894 - Register for checkConnection events
2025-04-25 02:54:58,013 [INFO] WebApp:463 - Apply proxy settings
2025-04-25 02:54:58,013 [INFO] WebApp:548 - Chromium requires no authentication
2025-04-25 02:54:58,014 [INFO] WebApp:491 - Direct internet connection detected
2025-04-25 02:54:58,092 [INFO] LogOutputStream:77 - [STDOUT_REDIRECT] 1 : Invalid condition id : UX_CORESTACK_Condition cause : null
2025-04-25 02:54:58,093 [INFO] LogOutputStream:77 - [STDOUT_REDIRECT] 1 : Invalid condition id : UX_CORESTACK_Condition cause : null
2025-04-25 02:54:58,093 [INFO] LogOutputStream:77 - [STDOUT_REDIRECT] 1 : Invalid condition id : UX_CORESTACK_Condition cause : null
2025-04-25 02:54:58,094 [INFO] LogOutputStream:77 - [STDOUT_REDIRECT] 1 : Invalid condition id : UX_CORESTACK_Condition cause : null
2025-04-25 02:54:58,094 [INFO] LogOutputStream:77 - [STDOUT_REDIRECT] 1 : Invalid condition id : UX_CORESTACK_Condition cause : null
2025-04-25 02:54:58,096 [WARN] PackLoader:240 - Cannot read IP mode file for STMicroelectronics.X-CUBE-AZRTOS-WL.2.0.0
2025-04-25 02:54:58,101 [WARN] PackLoader:240 - Cannot read IP mode file for STMicroelectronics.FP-SNS-MOTENV1.5.0.0
2025-04-25 02:54:58,104 [WARN] PackLoader:240 - Cannot read IP mode file for wolfSSL.I-CUBE-wolfMQTT.1.19.0
2025-04-25 02:54:58,109 [WARN] PackLoader:240 - Cannot read IP mode file for WES.I-CUBE-Cesium.1.3.0
2025-04-25 02:54:58,112 [WARN] PackLoader:240 - Cannot read IP mode file for STMicroelectronics.X-CUBE-BLE2.3.3.0
2025-04-25 02:54:58,116 [WARN] PackLoader:240 - Cannot read IP mode file for STMicroelectronics.X-CUBE-NFC9.1.0.0
2025-04-25 02:54:58,120 [WARN] PackLoader:240 - Cannot read IP mode file for STMicroelectronics.X-CUBE-BLE1.7.1.0
2025-04-25 02:54:58,160 [WARN] PackLoader:240 - Cannot read IP mode file for STMicroelectronics.X-CUBE-MEMS1.11.2.0
2025-04-25 02:54:58,180 [INFO] WebApp:225 - Starting web application
2025-04-25 02:54:58,181 [INFO] WebApp:593 - Web application path used /home/adrian/st/stm32cubeide_1.17.0/plugins/com.st.stm32cube.common.mx_6.14.0.202502271554/db/plugins/mcufinder/reactClient1/index.html
2025-04-25 02:54:58,334 [WARN] PackLoader:240 - Cannot read IP mode file for STMicroelectronics.X-CUBE-AZRTOS-G0.1.1.0
2025-04-25 02:54:58,346 [WARN] PackLoader:240 - Cannot read IP mode file for STMicroelectronics.X-CUBE-SAFEA1.1.2.2
2025-04-25 02:54:58,353 [WARN] PackLoader:240 - Cannot read IP mode file for STMicroelectronics.X-CUBE-NFC4.3.0.0
2025-04-25 02:54:58,353 [INFO] UserAuth:486 - Internet connection configuration mode: 1
2025-04-25 02:54:58,365 [WARN] PackLoader:240 - Cannot read IP mode file for EmbeddedOffice.I-CUBE-FS-RTOS.1.0.1
2025-04-25 02:54:58,372 [WARN] PackLoader:240 - Cannot read IP mode file for STMicroelectronics.X-CUBE-WB05N.2.0.0
2025-04-25 02:54:58,379 [WARN] PackLoader:240 - Cannot read IP mode file for STMicroelectronics.X-CUBE-TCPP.4.2.0
2025-04-25 02:54:58,385 [WARN] PackLoader:240 - Cannot read IP mode file for RealThread.X-CUBE-RT-Thread_Nano.4.1.1
2025-04-25 02:54:58,388 [WARN] PackLoader:240 - Cannot read IP mode file for STMicroelectronics.FP-ATR-SIGFOX1.3.2.0
2025-04-25 02:54:58,391 [WARN] ConditionMgr:438 - getConditionDescription Invalid condition id : Cortex-A Device cause : null
2025-04-25 02:54:58,405 [WARN] ConditionMgr:1044 - genDependencies : Invalid condition id : Cortex-A Device cause : null
2025-04-25 02:54:58,405 [WARN] ConditionMgr:1044 - genDependencies : Invalid condition id : Cortex-A Device cause : null
2025-04-25 02:54:58,406 [WARN] ConditionMgr:1044 - genDependencies : Invalid condition id : Cortex-A Device cause : null
2025-04-25 02:54:58,410 [WARN] PackLoader:240 - Cannot read IP mode file for STMicroelectronics.X-CUBE-EEPRMA1.5.1.0
2025-04-25 02:54:58,411 [INFO] WebApp:191 - Connection restablished
2025-04-25 02:54:58,414 [WARN] PackLoader:240 - Cannot read IP mode file for wolfSSL.I-CUBE-wolfSSL.5.7.6
2025-04-25 02:54:58,419 [WARN] PackLoader:240 - Cannot read IP mode file for ITTIA_DB.I-CUBE-ITTIADB.8.9.0
2025-04-25 02:54:58,447 [WARN] PackLoader:240 - Cannot read IP mode file for SEGGER.I-CUBE-embOS.1.3.1
2025-04-25 02:54:58,487 [WARN] PackLoader:240 - Cannot read IP mode file for STMicroelectronics.X-CUBE-ALGOBUILD.1.4.0
2025-04-25 02:54:58,502 [WARN] PackLoader:240 - Cannot read IP mode file for STMicroelectronics.X-CUBE-AZRTOS-F4.1.1.0
2025-04-25 02:54:58,507 [WARN] PackLoader:240 - Cannot read IP mode file for Avnet-IotConnect.X-CUBE-IoTC-DA16k-PMOD.1.0.0
2025-04-25 02:54:58,511 [WARN] PackLoader:240 - Cannot read IP mode file for STMicroelectronics.X-CUBE-ISPU.2.1.0
2025-04-25 02:54:58,526 [WARN] PackLoader:240 - Cannot read IP mode file for STMicroelectronics.X-CUBE-AZRTOS-L5.2.0.0
2025-04-25 02:54:58,534 [WARN] PackLoader:240 - Cannot read IP mode file for STMicroelectronics.X-CUBE-NFC6.3.1.0
2025-04-25 02:54:58,541 [WARN] PackLoader:240 - Cannot read IP mode file for STMicroelectronics.X-CUBE-DPower.1.2.0
2025-04-25 02:54:58,545 [WARN] PackLoader:240 - Cannot read IP mode file for STMicroelectronics.X-CUBE-FREERTOS.1.3.0
2025-04-25 02:54:58,549 [WARN] PackLoader:240 - Cannot read IP mode file for STMicroelectronics.X-CUBE-NFC7.1.0.1
2025-04-25 02:54:58,554 [WARN] PackLoader:240 - Cannot read IP mode file for STMicroelectronics.X-CUBE-DPower.1.3.0
2025-04-25 02:54:58,570 [WARN] ConditionMgr:438 - getConditionDescription Invalid condition id : LAN8742 Phy interface Condition cause : null
2025-04-25 02:54:58,571 [WARN] PackLoader:240 - Cannot read IP mode file for STMicroelectronics.X-CUBE-AZRTOS-L4.2.0.0
2025-04-25 02:54:58,572 [WARN] ConditionMgr:1044 - genDependencies : Invalid condition id : LAN8742 Phy interface Condition cause : null
2025-04-25 02:54:58,573 [WARN] ConditionMgr:1044 - genDependencies : Invalid condition id : LAN8742 Phy interface Condition cause : null
2025-04-25 02:54:58,573 [WARN] ConditionMgr:1044 - genDependencies : Invalid condition id : LAN8742 Phy interface Condition cause : null
2025-04-25 02:54:58,580 [WARN] PackLoader:240 - Cannot read IP mode file for STMicroelectronics.X-CUBE-SFXS2LP1.4.0.0
2025-04-25 02:54:58,598 [WARN] PackLoader:240 - Cannot read IP mode file for STMicroelectronics.X-CUBE-AZRTOS-H7.3.3.0
2025-04-25 02:54:58,623 [WARN] ConditionMgr:438 - getConditionDescription Invalid condition id : UX DEVICE CLASS RTOS Condition cause : null
2025-04-25 02:54:58,623 [WARN] ConditionMgr:438 - getConditionDescription Invalid condition id : UX DEVICE CLASS RTOS Condition cause : null
2025-04-25 02:54:58,627 [WARN] PackLoader:240 - Cannot read IP mode file for STMicroelectronics.X-CUBE-AZRTOS-WB.2.0.0
2025-04-25 02:54:58,628 [WARN] ConditionMgr:1044 - genDependencies : Invalid condition id : UX DEVICE CLASS RTOS Condition cause : null
2025-04-25 02:54:58,628 [WARN] ConditionMgr:1044 - genDependencies : Invalid condition id : UX DEVICE CLASS RTOS Condition cause : null
2025-04-25 02:54:58,629 [WARN] ConditionMgr:1044 - genDependencies : Invalid condition id : UX DEVICE CLASS RTOS Condition cause : null
2025-04-25 02:54:58,629 [WARN] ConditionMgr:1044 - genDependencies : Invalid condition id : UX DEVICE CLASS RTOS Condition cause : null
2025-04-25 02:54:58,629 [WARN] ConditionMgr:1044 - genDependencies : Invalid condition id : UX DEVICE CLASS RTOS Condition cause : null
2025-04-25 02:54:58,639 [WARN] PackLoader:240 - Cannot read IP mode file for STMicroelectronics.X-CUBE-GNSS1.7.0.1
2025-04-25 02:54:58,645 [WARN] PackLoader:240 - Cannot read IP mode file for STMicroelectronics.X-CUBE-TOUCHGFX.4.25.0
2025-04-25 02:54:58,653 [WARN] PackLoader:240 - Cannot read IP mode file for STMicroelectronics.FP-SNS-STBOX1.2.0.0
2025-04-25 02:54:58,672 [WARN] PackLoader:240 - Cannot read IP mode file for STMicroelectronics.X-CUBE-SUBG2.5.0.0
2025-04-25 02:54:58,729 [WARN] PackLoader:240 - Cannot read IP mode file for STMicroelectronics.X-CUBE-AZRTOS-H7RS.1.1.0
2025-04-25 02:54:58,737 [WARN] PackLoader:240 - Cannot read IP mode file for Cesanta.I-CUBE-Mongoose.7.13.0
2025-04-25 02:54:58,754 [WARN] PackLoader:240 - Cannot read IP mode file for STMicroelectronics.X-CUBE-AZRTOS-G4.2.0.0
2025-04-25 02:54:58,768 [WARN] PackLoader:240 - Cannot read IP mode file for STMicroelectronics.X-CUBE-IPS.3.1.0
2025-04-25 02:54:58,777 [WARN] PackLoader:240 - Cannot read IP mode file for STMicroelectronics.X-CUBE-ALS.1.0.2
2025-04-25 02:54:58,780 [WARN] PackLoader:240 - Cannot read IP mode file for STMicroelectronics.X-CUBE-TOUCHGFX.4.24.2
2025-04-25 02:54:58,782 [WARN] PackLoader:240 - Cannot read IP mode file for wolfSSL.I-CUBE-wolfTPM.3.4.0
2025-04-25 02:54:58,785 [WARN] PackLoader:240 - Cannot read IP mode file for portGmbH.I-Cube-SoM-uGOAL.1.1.0
2025-04-25 02:54:58,800 [WARN] PackLoader:240 - Cannot read IP mode file for STMicroelectronics.X-CUBE-AZRTOS-H7RS.1.0.0
2025-04-25 02:54:58,811 [WARN] PackLoader:240 - Cannot read IP mode file for STMicroelectronics.X-CUBE-TOF1.3.4.2
2025-04-25 02:54:58,830 [WARN] PackLoader:240 - Cannot read IP mode file for STMicroelectronics.X-CUBE-TOF1.3.4.3
2025-04-25 02:54:58,840 [WARN] PackLoader:240 - Cannot read IP mode file for wolfSSL.I-CUBE-wolfSSH.1.4.17
2025-04-25 02:54:58,841 [INFO] ThirdParty:978 - Integrity check success = true
2025-04-25 02:54:58,841 [INFO] IntegrityCheckThread:100 - exiting critical section [integrity check]
2025-04-25 02:54:58,841 [INFO] IntegrityCheckThread:103 - End integrity checks thread
2025-04-25 02:58:32,420 [ERROR] LogOutputStream:75 - [STDERR_REDIRECT] 
2025-04-25 10:31:58,080 [INFO] Activator:176 - 


2025-04-25 10:31:58,083 [INFO] Activator:177 - !SESSION log4j initialized
2025-04-25 10:32:34,577 [INFO] Activator:176 - 


2025-04-25 10:32:37,965 [INFO] Activator:177 - !SESSION log4j initialized
2025-04-25 10:32:38,160 [ERROR] LogOutputStream:75 - [STDERR_REDIRECT] [Fatal Error] :1:1: Premature end of file.
2025-04-25 10:32:38,160 [ERROR] LogOutputStream:75 - [STDERR_REDIRECT] 
2025-04-25 11:05:33,523 [INFO] Activator:176 - 


2025-04-25 11:05:33,524 [INFO] Activator:177 - !SESSION log4j initialized
2025-04-25 11:05:36,970 [INFO] LogOutputStream:77 - [STDOUT_REDIRECT] 
2025-04-25 11:05:38,648 [INFO] ApplicationProperties:184 - Using Application install path: /home/adrian/st/stm32cubeide_1.17.0/plugins/com.st.stm32cube.common.mx_6.14.0.202502271554
2025-04-25 11:05:38,666 [INFO] DbMcusXml:78 - Set database path to: /home/adrian/st/stm32cubeide_1.17.0/plugins/com.st.stm32cube.common.mx_6.14.0.202502271554//db//mcu/
2025-04-25 11:05:38,666 [INFO] ApiDb:274 - Set plugin database path to: /home/adrian/st/stm32cubeide_1.17.0/plugins/com.st.stm32cube.common.mx_6.14.0.202502271554//db//plugins/boardmanager/
2025-04-25 11:05:38,667 [WARN] ApiDb:259 - Overriding images path with different value:  => /home/adrian/st/stm32cubeide_1.17.0/plugins/com.st.stm32cube.common.mx_6.14.0.202502271554//db//plugins/mcufinder/images/
2025-04-25 11:05:38,672 [INFO] ApiDb:250 - Set database path to: /home/adrian/.stmcufinder/plugins/mcufinder//mcu/
2025-04-25 11:05:38,673 [INFO] DbMcusAds:125 - Set database path to: /home/adrian/.stmcufinder/plugins/mcufinder//mcu/
2025-04-25 11:05:38,675 [INFO] CrossReferenceDbSqlite:203 - Set database path to: /home/adrian/.stmcufinder/plugins/mcufinder//mcu/cs/
2025-04-25 11:05:38,776 [INFO] RulesReader:64 - Compatibility file has been processed (301 Rules)
2025-04-25 11:05:38,841 [INFO] DbMcusXml:78 - Set database path to: /home/adrian/st/stm32cubeide_1.17.0/plugins/com.st.stm32cube.common.mx_6.14.0.202502271554//db//mcu/
2025-04-25 11:05:38,841 [INFO] ApiDb:274 - Set plugin database path to: /home/adrian/st/stm32cubeide_1.17.0/plugins/com.st.stm32cube.common.mx_6.14.0.202502271554//db//plugins/boardmanager/
2025-04-25 11:05:38,841 [INFO] ApiDb:261 - Set plugin images path to: /home/adrian/st/stm32cubeide_1.17.0/plugins/com.st.stm32cube.common.mx_6.14.0.202502271554//db//plugins/mcufinder/images/
2025-04-25 11:05:38,841 [WARN] DbFile:41 - Overriding database path with different value: /home/adrian/.stmcufinder/plugins/mcufinder/ => /home/adrian/.stmcufinder/plugins/mcufinder
2025-04-25 11:05:38,841 [INFO] ApiDb:250 - Set database path to: /home/adrian/.stmcufinder/plugins/mcufinder//mcu/
2025-04-25 11:05:38,842 [WARN] DbFile:41 - Overriding database path with different value: /home/adrian/.stmcufinder/plugins/mcufinder/ => /home/adrian/.stmcufinder/plugins/mcufinder
2025-04-25 11:05:38,842 [INFO] DbMcusAds:125 - Set database path to: /home/adrian/.stmcufinder/plugins/mcufinder//mcu/
2025-04-25 11:05:38,842 [WARN] DbFile:41 - Overriding database path with different value: /home/adrian/.stmcufinder/plugins/mcufinder/ => /home/adrian/.stmcufinder/plugins/mcufinder
2025-04-25 11:05:38,842 [WARN] DbFile:41 - Overriding database path with different value: /home/adrian/.stmcufinder/plugins/mcufinder/ => /home/adrian/.stmcufinder/plugins/mcufinder
2025-04-25 11:05:38,842 [INFO] CrossReferenceDbSqlite:203 - Set database path to: /home/adrian/.stmcufinder/plugins/mcufinder//mcu/cs/
2025-04-25 11:05:38,900 [INFO] MainPanel:272 - HeapMemory: 268435456
2025-04-25 11:05:39,010 [INFO] DbMcusXml:78 - Set database path to: /home/adrian/st/stm32cubeide_1.17.0/plugins/com.st.stm32cube.common.mx_6.14.0.202502271554//db//mcu/
2025-04-25 11:05:39,010 [INFO] ApiDb:274 - Set plugin database path to: /home/adrian/st/stm32cubeide_1.17.0/plugins/com.st.stm32cube.common.mx_6.14.0.202502271554//db//plugins/boardmanager/
2025-04-25 11:05:39,010 [INFO] ApiDb:261 - Set plugin images path to: /home/adrian/st/stm32cubeide_1.17.0/plugins/com.st.stm32cube.common.mx_6.14.0.202502271554//db//plugins/mcufinder/images/
2025-04-25 11:05:39,010 [WARN] DbFile:41 - Overriding database path with different value: /home/adrian/.stmcufinder/plugins/mcufinder/ => /home/adrian/.stmcufinder/plugins/mcufinder
2025-04-25 11:05:39,010 [INFO] ApiDb:250 - Set database path to: /home/adrian/.stmcufinder/plugins/mcufinder//mcu/
2025-04-25 11:05:39,010 [WARN] DbFile:41 - Overriding database path with different value: /home/adrian/.stmcufinder/plugins/mcufinder/ => /home/adrian/.stmcufinder/plugins/mcufinder
2025-04-25 11:05:39,010 [INFO] DbMcusAds:125 - Set database path to: /home/adrian/.stmcufinder/plugins/mcufinder//mcu/
2025-04-25 11:05:39,010 [WARN] DbFile:41 - Overriding database path with different value: /home/adrian/.stmcufinder/plugins/mcufinder/ => /home/adrian/.stmcufinder/plugins/mcufinder
2025-04-25 11:05:39,011 [WARN] DbFile:41 - Overriding database path with different value: /home/adrian/.stmcufinder/plugins/mcufinder/ => /home/adrian/.stmcufinder/plugins/mcufinder
2025-04-25 11:05:39,011 [INFO] CrossReferenceDbSqlite:203 - Set database path to: /home/adrian/.stmcufinder/plugins/mcufinder//mcu/cs/
2025-04-25 11:05:39,024 [INFO] ApplicationProperties:184 - Using Application install path: /home/adrian/st/stm32cubeide_1.17.0/plugins/com.st.stm32cube.common.mx_6.14.0.202502271554
2025-04-25 11:05:39,025 [INFO] PluginManage:196 - Search for loadable plugins [exclusion list=, ]
2025-04-25 11:05:39,026 [INFO] PluginManage:310 - Check plugin analytics
2025-04-25 11:05:39,144 [INFO] AnalyticsPlugin:253 - Accepted Software Licenses: 
2025-04-25 11:05:39,144 [INFO] AnalyticsPlugin:255 - Accepted CMSIS Pack Licenses: 
2025-04-25 11:05:39,144 [INFO] AnalyticsPlugin:257 - Accepted Firmware Licenses: FW.F4.1.28.0,FW.F7.1.17.0
2025-04-25 11:05:39,146 [INFO] PluginManage:359 - Loaded plugin analytics (category:tool,tabindex:-1)
2025-04-25 11:05:39,146 [INFO] PluginManage:310 - Check plugin cadmodel
2025-04-25 11:05:39,152 [INFO] CADModel:105 - Init CAD model plugin
2025-04-25 11:05:39,153 [INFO] PluginManage:359 - Loaded plugin cadmodel (category:power,tabindex:5)
2025-04-25 11:05:39,154 [INFO] PluginManage:310 - Check plugin clock
2025-04-25 11:05:39,165 [INFO] PluginManage:359 - Loaded plugin clock (category:base,tabindex:2)
2025-04-25 11:05:39,166 [INFO] PluginManage:310 - Check plugin ddr
2025-04-25 11:05:39,168 [INFO] PluginManage:359 - Loaded plugin ddr (category:tool,tabindex:6)
2025-04-25 11:05:39,168 [INFO] PluginManage:310 - Check plugin filemanager
2025-04-25 11:05:39,298 [INFO] PluginManage:359 - Loaded plugin filemanager (category:base,tabindex:10)
2025-04-25 11:05:39,298 [INFO] PluginManage:310 - Check plugin ipmanager
2025-04-25 11:05:39,302 [INFO] PluginManage:359 - Loaded plugin ipmanager (category:base,tabindex:5)
2025-04-25 11:05:39,302 [INFO] PluginManage:310 - Check plugin lpbam
2025-04-25 11:05:39,310 [INFO] PluginManage:359 - Loaded plugin lpbam (category:base,tabindex:0)
2025-04-25 11:05:39,310 [INFO] PluginManage:310 - Check plugin memorymap
2025-04-25 11:05:39,320 [INFO] PluginManage:359 - Loaded plugin memorymap (category:base,tabindex:4)
2025-04-25 11:05:39,320 [INFO] PluginManage:310 - Check plugin pinoutandconfiguration
2025-04-25 11:05:39,328 [INFO] PluginManage:359 - Loaded plugin pinoutandconfiguration (category:base,tabindex:1)
2025-04-25 11:05:39,328 [INFO] PluginManage:310 - Check plugin pinoutconfig
2025-04-25 11:05:39,406 [WARN] SupportedApi:132 - Cannot load RTOS API schema: s4s-elt-must-match.1: The content of 'definitions' must match (annotation?, (simpleType | complexType)?, (unique | key | keyref)*)). A problem was found starting at: attribute.
2025-04-25 11:05:39,507 [INFO] PluginManage:359 - Loaded plugin pinoutconfig (category:base,tabindex:0)
2025-04-25 11:05:39,508 [INFO] PluginManage:310 - Check plugin power
2025-04-25 11:05:39,516 [INFO] PluginManage:359 - Loaded plugin power (category:power,tabindex:4)
2025-04-25 11:05:39,517 [INFO] PluginManage:310 - Check plugin projectmanager
2025-04-25 11:05:39,530 [INFO] PluginManage:359 - Loaded plugin projectmanager (category:projectmanager,tabindex:4)
2025-04-25 11:05:39,530 [INFO] PluginManage:310 - Check plugin rif
2025-04-25 11:05:39,537 [INFO] PluginManage:359 - Loaded plugin rif (category:base,tabindex:3)
2025-04-25 11:05:39,537 [INFO] PluginManage:310 - Check plugin thirdparty
2025-04-25 11:05:39,649 [INFO] PluginManage:359 - Loaded plugin thirdparty (category:base,tabindex:-1)
2025-04-25 11:05:39,650 [INFO] PluginManage:310 - Check plugin tools
2025-04-25 11:05:39,649 [WARN] IntegrityCheckThread:84 - waiting for thirdparty lock release [integrity check]
2025-04-25 11:05:39,650 [INFO] IntegrityCheckThread:86 - entering critical section [integrity check]
2025-04-25 11:05:39,650 [INFO] ThirdPartyUpdaterWithRetryManager:70 - Updater plugin not ready yet. [1/15]
2025-04-25 11:05:39,654 [INFO] PluginManage:359 - Loaded plugin tools (category:base,tabindex:7)
2025-04-25 11:05:39,654 [INFO] PluginManage:310 - Check plugin tutovideos
2025-04-25 11:05:39,785 [INFO] PluginManage:359 - Loaded plugin tutovideos (category:base,tabindex:-1)
2025-04-25 11:05:39,785 [INFO] PluginManage:310 - Check plugin updater
2025-04-25 11:05:39,806 [INFO] PluginManage:359 - Loaded plugin updater (category:base,tabindex:12)
2025-04-25 11:05:39,806 [INFO] PluginManage:310 - Check plugin userauth
2025-04-25 11:05:39,810 [INFO] UserAuth:118 - Init User Auth plugin
2025-04-25 11:05:39,811 [INFO] PluginManage:359 - Loaded plugin userauth (category:base,tabindex:14)
2025-04-25 11:05:39,811 [INFO] PluginManage:283 - PluginManage : Loaded plugins [18]
2025-04-25 11:05:39,944 [INFO] PinOutPanel:1589 - setPackage(No Configuration,No Configuration)
2025-04-25 11:05:39,994 [INFO] CADModel:165 - CPN selected for project level
2025-04-25 11:05:39,994 [INFO] CADModel:114 - Register for checkConnection events
2025-04-25 11:05:40,005 [INFO] IPUIPlugin:80 - create IPUIPlugin
2025-04-25 11:05:40,005 [INFO] PluginManager:220 - loadIPPluginJar : add ddr_ctrl_phy
2025-04-25 11:05:40,007 [INFO] IPUIPlugin:80 - create IPUIPlugin
2025-04-25 11:05:40,007 [INFO] PluginManager:220 - loadIPPluginJar : add can
2025-04-25 11:05:40,009 [INFO] IPUIPlugin:80 - create IPUIPlugin
2025-04-25 11:05:40,010 [INFO] PluginManager:220 - loadIPPluginJar : add nvic
2025-04-25 11:05:40,011 [INFO] IPUIPlugin:80 - create IPUIPlugin
2025-04-25 11:05:40,011 [INFO] PluginManager:220 - loadIPPluginJar : add comp
2025-04-25 11:05:40,016 [INFO] IPUIPlugin:80 - create IPUIPlugin
2025-04-25 11:05:40,016 [INFO] PluginManager:220 - loadIPPluginJar : add stm32_wpan
2025-04-25 11:05:40,019 [INFO] IPUIPlugin:80 - create IPUIPlugin
2025-04-25 11:05:40,019 [INFO] PluginManager:220 - loadIPPluginJar : add resmgrutility
2025-04-25 11:05:40,020 [INFO] IPUIPlugin:80 - create IPUIPlugin
2025-04-25 11:05:40,020 [INFO] PluginManager:220 - loadIPPluginJar : add fatfs
2025-04-25 11:05:40,022 [INFO] IPUIPlugin:80 - create IPUIPlugin
2025-04-25 11:05:40,022 [INFO] PluginManager:220 - loadIPPluginJar : add openamp
2025-04-25 11:05:40,024 [INFO] IPUIPlugin:80 - create IPUIPlugin
2025-04-25 11:05:40,024 [INFO] PluginManager:220 - loadIPPluginJar : add sai
2025-04-25 11:05:40,026 [INFO] IPUIPlugin:80 - create IPUIPlugin
2025-04-25 11:05:40,026 [INFO] PluginManager:220 - loadIPPluginJar : add pdm2pcm
2025-04-25 11:05:40,027 [INFO] IPUIPlugin:80 - create IPUIPlugin
2025-04-25 11:05:40,027 [INFO] PluginManager:220 - loadIPPluginJar : add tsc
2025-04-25 11:05:40,030 [INFO] IPUIPlugin:80 - create IPUIPlugin
2025-04-25 11:05:40,030 [INFO] PluginManager:220 - loadIPPluginJar : add gpio
2025-04-25 11:05:40,031 [INFO] IPUIPlugin:80 - create IPUIPlugin
2025-04-25 11:05:40,031 [INFO] PluginManager:220 - loadIPPluginJar : add tracer_emb
2025-04-25 11:05:40,032 [INFO] IPUIPlugin:80 - create IPUIPlugin
2025-04-25 11:05:40,032 [INFO] PluginManager:220 - loadIPPluginJar : add hash
2025-04-25 11:05:40,033 [INFO] IPUIPlugin:80 - create IPUIPlugin
2025-04-25 11:05:40,033 [INFO] PluginManager:220 - loadIPPluginJar : add ltdc
2025-04-25 11:05:40,035 [INFO] IPUIPlugin:80 - create IPUIPlugin
2025-04-25 11:05:40,035 [INFO] PluginManager:220 - loadIPPluginJar : add usart
2025-04-25 11:05:40,040 [INFO] IPUIPlugin:80 - create IPUIPlugin
2025-04-25 11:05:40,040 [INFO] PluginManager:220 - loadIPPluginJar : add linkedlist
2025-04-25 11:05:40,041 [INFO] IPUIPlugin:80 - create IPUIPlugin
2025-04-25 11:05:40,042 [INFO] PluginManager:220 - loadIPPluginJar : add ucpd
2025-04-25 11:05:40,043 [INFO] IPUIPlugin:80 - create IPUIPlugin
2025-04-25 11:05:40,043 [INFO] PluginManager:220 - loadIPPluginJar : add cryp
2025-04-25 11:05:40,045 [INFO] IPUIPlugin:80 - create IPUIPlugin
2025-04-25 11:05:40,045 [INFO] PluginManager:220 - loadIPPluginJar : add tim
2025-04-25 11:05:40,047 [INFO] IPUIPlugin:80 - create IPUIPlugin
2025-04-25 11:05:40,047 [INFO] PluginManager:220 - loadIPPluginJar : add ipddr
2025-04-25 11:05:40,049 [INFO] IPUIPlugin:80 - create IPUIPlugin
2025-04-25 11:05:40,049 [INFO] PluginManager:220 - loadIPPluginJar : add i3c
2025-04-25 11:05:40,050 [INFO] IPUIPlugin:80 - create IPUIPlugin
2025-04-25 11:05:40,050 [INFO] PluginManager:220 - loadIPPluginJar : add quadspi
2025-04-25 11:05:40,051 [INFO] IPUIPlugin:80 - create IPUIPlugin
2025-04-25 11:05:40,052 [INFO] PluginManager:220 - loadIPPluginJar : add i2c
2025-04-25 11:05:40,053 [INFO] IPUIPlugin:80 - create IPUIPlugin
2025-04-25 11:05:40,053 [INFO] PluginManager:220 - loadIPPluginJar : add radio
2025-04-25 11:05:40,058 [INFO] IPUIPlugin:80 - create IPUIPlugin
2025-04-25 11:05:40,058 [INFO] PluginManager:220 - loadIPPluginJar : add mdma
2025-04-25 11:05:40,061 [INFO] IPUIPlugin:80 - create IPUIPlugin
2025-04-25 11:05:40,061 [INFO] PluginManager:220 - loadIPPluginJar : add gic
2025-04-25 11:05:40,063 [INFO] IPUIPlugin:80 - create IPUIPlugin
2025-04-25 11:05:40,063 [INFO] PluginManager:220 - loadIPPluginJar : add i2s
2025-04-25 11:05:40,064 [INFO] IPUIPlugin:80 - create IPUIPlugin
2025-04-25 11:05:40,064 [INFO] PluginManager:220 - loadIPPluginJar : add spi
2025-04-25 11:05:40,069 [INFO] IPUIPlugin:80 - create IPUIPlugin
2025-04-25 11:05:40,078 [INFO] PluginManager:220 - loadIPPluginJar : add plateformsettings
2025-04-25 11:05:40,081 [INFO] IPUIPlugin:80 - create IPUIPlugin
2025-04-25 11:05:40,081 [INFO] PluginManager:220 - loadIPPluginJar : add gtzc
2025-04-25 11:05:40,083 [INFO] IPUIPlugin:80 - create IPUIPlugin
2025-04-25 11:05:40,083 [INFO] PluginManager:220 - loadIPPluginJar : add dma3
2025-04-25 11:05:40,085 [INFO] IPUIPlugin:80 - create IPUIPlugin
2025-04-25 11:05:40,085 [INFO] PluginManager:220 - loadIPPluginJar : add usbx
2025-04-25 11:05:40,090 [INFO] IPUIPlugin:80 - create IPUIPlugin
2025-04-25 11:05:40,090 [INFO] PluginManager:220 - loadIPPluginJar : add freertos
2025-04-25 11:05:40,092 [INFO] IPUIPlugin:80 - create IPUIPlugin
2025-04-25 11:05:40,092 [INFO] PluginManager:220 - loadIPPluginJar : add dfsdm
2025-04-25 11:05:40,096 [INFO] IPUIPlugin:80 - create IPUIPlugin
2025-04-25 11:05:40,096 [INFO] PluginManager:220 - loadIPPluginJar : add dma
2025-04-25 11:05:40,098 [INFO] IPUIPlugin:80 - create IPUIPlugin
2025-04-25 11:05:40,098 [INFO] PluginManager:220 - loadIPPluginJar : add aes
2025-04-25 11:05:40,099 [INFO] IPUIPlugin:80 - create IPUIPlugin
2025-04-25 11:05:40,099 [INFO] PluginManager:220 - loadIPPluginJar : add ts
2025-04-25 11:05:40,102 [INFO] IPUIPlugin:80 - create IPUIPlugin
2025-04-25 11:05:40,102 [INFO] PluginManager:220 - loadIPPluginJar : add fmc
2025-04-25 11:05:40,104 [INFO] IPUIPlugin:80 - create IPUIPlugin
2025-04-25 11:05:40,104 [INFO] PluginManager:220 - loadIPPluginJar : add opamp
2025-04-25 11:05:40,106 [INFO] IPUIPlugin:80 - create IPUIPlugin
2025-04-25 11:05:40,106 [INFO] PluginManager:220 - loadIPPluginJar : add lorawan
2025-04-25 11:05:40,108 [INFO] IPUIPlugin:80 - create IPUIPlugin
2025-04-25 11:05:40,108 [INFO] PluginManager:220 - loadIPPluginJar : add touchsensing
2025-04-25 11:05:40,111 [INFO] IPUIPlugin:80 - create IPUIPlugin
2025-04-25 11:05:40,111 [INFO] PluginManager:220 - loadIPPluginJar : add extmemmanager
2025-04-25 11:05:40,112 [INFO] IPUIPlugin:80 - create IPUIPlugin
2025-04-25 11:05:40,112 [INFO] PluginManager:220 - loadIPPluginJar : add genericplugin
2025-04-25 11:05:40,113 [INFO] IPUIPlugin:80 - create IPUIPlugin
2025-04-25 11:05:40,113 [INFO] PluginManager:220 - loadIPPluginJar : add gfxmmu
2025-04-25 11:05:40,119 [INFO] IPUIPlugin:80 - create IPUIPlugin
2025-04-25 11:05:40,119 [INFO] PluginManager:220 - loadIPPluginJar : add adc
2025-04-25 11:05:40,216 [FATAL] Updater:351 - Updater called before beeing initialized
2025-04-25 11:05:40,238 [INFO] RulesReader:64 - Compatibility file has been processed (301 Rules)
2025-04-25 11:05:40,244 [INFO] RulesReader:64 - Compatibility file has been processed (301 Rules)
2025-04-25 11:05:40,249 [INFO] CADModel:165 - CPN selected for project level
2025-04-25 11:05:40,249 [INFO] CADModel:114 - Register for checkConnection events
2025-04-25 11:05:40,249 [FATAL] Updater:351 - Updater called before beeing initialized
2025-04-25 11:05:40,249 [ERROR] CADModel:125 - Updater not yet initialized, retry later 
2025-04-25 11:05:40,347 [FATAL] Updater:351 - Updater called before beeing initialized
2025-04-25 11:05:40,348 [INFO] CADModel:165 - CPN selected for project level
2025-04-25 11:05:40,348 [INFO] CADModel:114 - Register for checkConnection events
2025-04-25 11:05:40,348 [FATAL] Updater:351 - Updater called before beeing initialized
2025-04-25 11:05:40,348 [ERROR] CADModel:125 - Updater not yet initialized, retry later 
2025-04-25 11:05:40,351 [FATAL] Updater:351 - Updater called before beeing initialized
2025-04-25 11:05:40,420 [FATAL] Updater:351 - Updater called before beeing initialized
2025-04-25 11:05:40,424 [INFO] DbMcusAds:53 - JSON generation date=Thu Mar 06 08:54:22 CST 2025 (1741272862204)
2025-04-25 11:05:40,424 [FATAL] Updater:351 - Updater called before beeing initialized
2025-04-25 11:05:40,456 [WARN] DetailPanel:346 - Failed to get advertising image, set to default
2025-04-25 11:05:40,679 [FATAL] Updater:351 - Updater called before beeing initialized
2025-04-25 11:05:40,680 [FATAL] Updater:351 - Updater called before beeing initialized
2025-04-25 11:05:40,680 [FATAL] Updater:351 - Updater called before beeing initialized
2025-04-25 11:05:40,680 [WARN] DetailPanel:346 - Failed to get advertising image, set to default
2025-04-25 11:05:40,681 [FATAL] Updater:351 - Updater called before beeing initialized
2025-04-25 11:05:40,705 [ERROR] Updater:1198 - MainUpdater not yet initialized. External WinMGr cannot be set.
2025-04-25 11:05:40,706 [INFO] Updater:1134 - Updater Version found : 6.14.0
2025-04-25 11:05:40,721 [INFO] ApplicationProperties:184 - Using Application install path: /home/adrian/st/stm32cubeide_1.17.0/plugins/com.st.stm32cube.common.mx_6.14.0.202502271554
2025-04-25 11:05:41,247 [INFO] MainUpdater:2872 - connection check result : 10
2025-04-25 11:05:41,248 [INFO] MainUpdater:289 - Updater Check For Update Now.
2025-04-25 11:05:41,248 [INFO] MicroXplorer:498 - Change Database Version : DB.6.0.140
2025-04-25 11:05:41,258 [INFO] McuFinderGlobals:63 - Set McuFinder mode to 2 (CubeIDE integrated)
2025-04-25 11:05:41,258 [INFO] UserAuth:486 - Internet connection configuration mode: 1
2025-04-25 11:05:41,272 [INFO] JxBrowserEngine:152 - Initiate JxBrowser Engine with user profile folder
2025-04-25 11:05:41,412 [INFO] CheckServerUpdateThread:120 - End of CheckServer Thread
2025-04-25 11:05:42,182 [INFO] WebApp:169 - Instantiating new browser for Auth
2025-04-25 11:05:42,783 [WARN] PackLoader:240 - Cannot read IP mode file for STMicroelectronics.FP-SNS-MOTENVWB1.1.4.0
2025-04-25 11:05:42,792 [WARN] PackLoader:240 - Cannot read IP mode file for STMicroelectronics.FP-ATR-ASTRA1.2.0.2
2025-04-25 11:05:42,797 [WARN] PackLoader:240 - Cannot read IP mode file for STMicroelectronics.FP-ATR-ASTRA1.2.0.1
2025-04-25 11:05:42,805 [WARN] PackLoader:240 - Cannot read IP mode file for STMicroelectronics.X-CUBE-SMBUS.2.1.0
2025-04-25 11:05:42,814 [WARN] PackLoader:240 - Cannot read IP mode file for STMicroelectronics.X-CUBE-WB05N.1.1.0
2025-04-25 11:05:42,854 [WARN] PackLoader:240 - Cannot read IP mode file for STMicroelectronics.X-CUBE-AZRTOS-F7.1.1.0
2025-04-25 11:05:42,865 [WARN] PackLoader:240 - Cannot read IP mode file for STMicroelectronics.FP-SNS-FLIGHT1.5.0.2
2025-04-25 11:05:42,911 [WARN] PackLoader:240 - Cannot read IP mode file for Infineon.AIROC-Wi-Fi-Bluetooth-STM32.1.7.0
2025-04-25 11:05:42,932 [WARN] PackLoader:240 - Cannot read IP mode file for STMicroelectronics.X-CUBE-DISPLAY.3.0.0
2025-04-25 11:05:42,943 [WARN] PackLoader:240 - Cannot read IP mode file for STMicroelectronics.X-CUBE-BLE1.7.0.0
2025-04-25 11:05:42,950 [WARN] PackLoader:240 - Cannot read IP mode file for STMicroelectronics.X-CUBE-NFC10.1.0.0
2025-04-25 11:05:42,964 [WARN] PackLoader:240 - Cannot read IP mode file for STMicroelectronics.X-CUBE-BLEMGR.4.0.0
2025-04-25 11:05:42,973 [WARN] PackLoader:240 - Cannot read IP mode file for emotas.I-CUBE-CANOPEN.1.3.0
2025-04-25 11:05:42,978 [WARN] PackLoader:240 - Cannot read IP mode file for STMicroelectronics.X-CUBE-AI.10.0.0
2025-04-25 11:05:42,982 [WARN] PackLoader:240 - Cannot read IP mode file for STMicroelectronics.FP-SNS-SMARTAG2.1.2.0
2025-04-25 11:05:42,985 [WARN] PackLoader:240 - Cannot read IP mode file for STMicroelectronics.FP-SNS-FLIGHT1.5.1.0
2025-04-25 11:05:43,038 [INFO] WebApp:463 - Apply proxy settings
2025-04-25 11:05:43,039 [INFO] WebApp:548 - Chromium requires no authentication
2025-04-25 11:05:43,049 [INFO] WebApp:491 - Direct internet connection detected
2025-04-25 11:05:43,050 [WARN] PackLoader:240 - Cannot read IP mode file for STMicroelectronics.X-CUBE-MEMS1.11.1.0
2025-04-25 11:05:43,071 [INFO] WebApp:894 - Register for checkConnection events
2025-04-25 11:05:43,072 [INFO] WebApp:463 - Apply proxy settings
2025-04-25 11:05:43,072 [INFO] WebApp:548 - Chromium requires no authentication
2025-04-25 11:05:43,073 [INFO] WebApp:491 - Direct internet connection detected
2025-04-25 11:05:43,280 [INFO] LogOutputStream:77 - [STDOUT_REDIRECT] 1 : Invalid condition id : UX_CORESTACK_Condition cause : null
2025-04-25 11:05:43,282 [INFO] LogOutputStream:77 - [STDOUT_REDIRECT] 1 : Invalid condition id : UX_CORESTACK_Condition cause : null
2025-04-25 11:05:43,282 [INFO] LogOutputStream:77 - [STDOUT_REDIRECT] 1 : Invalid condition id : UX_CORESTACK_Condition cause : null
2025-04-25 11:05:43,283 [INFO] LogOutputStream:77 - [STDOUT_REDIRECT] 1 : Invalid condition id : UX_CORESTACK_Condition cause : null
2025-04-25 11:05:43,283 [INFO] LogOutputStream:77 - [STDOUT_REDIRECT] 1 : Invalid condition id : UX_CORESTACK_Condition cause : null
2025-04-25 11:05:43,288 [WARN] PackLoader:240 - Cannot read IP mode file for STMicroelectronics.X-CUBE-AZRTOS-WL.2.0.0
2025-04-25 11:05:43,295 [WARN] PackLoader:240 - Cannot read IP mode file for STMicroelectronics.FP-SNS-MOTENV1.5.0.0
2025-04-25 11:05:43,301 [WARN] PackLoader:240 - Cannot read IP mode file for wolfSSL.I-CUBE-wolfMQTT.1.19.0
2025-04-25 11:05:43,307 [WARN] PackLoader:240 - Cannot read IP mode file for WES.I-CUBE-Cesium.1.3.0
2025-04-25 11:05:43,312 [WARN] PackLoader:240 - Cannot read IP mode file for STMicroelectronics.X-CUBE-BLE2.3.3.0
2025-04-25 11:05:43,321 [WARN] PackLoader:240 - Cannot read IP mode file for STMicroelectronics.X-CUBE-NFC9.1.0.0
2025-04-25 11:05:43,330 [WARN] PackLoader:240 - Cannot read IP mode file for STMicroelectronics.X-CUBE-BLE1.7.1.0
2025-04-25 11:05:43,335 [INFO] WebApp:191 - Connection restablished
2025-04-25 11:05:43,337 [INFO] WebApp:225 - Starting web application
2025-04-25 11:05:43,337 [INFO] WebApp:593 - Web application path used /home/adrian/st/stm32cubeide_1.17.0/plugins/com.st.stm32cube.common.mx_6.14.0.202502271554/db/plugins/mcufinder/reactClient1/index.html
2025-04-25 11:05:43,399 [WARN] PackLoader:240 - Cannot read IP mode file for STMicroelectronics.X-CUBE-MEMS1.11.2.0
2025-04-25 11:05:43,545 [INFO] UserAuth:486 - Internet connection configuration mode: 1
2025-04-25 11:05:43,623 [WARN] PackLoader:240 - Cannot read IP mode file for STMicroelectronics.X-CUBE-AZRTOS-G0.1.1.0
2025-04-25 11:05:43,633 [WARN] PackLoader:240 - Cannot read IP mode file for STMicroelectronics.X-CUBE-SAFEA1.1.2.2
2025-04-25 11:05:43,641 [WARN] PackLoader:240 - Cannot read IP mode file for STMicroelectronics.X-CUBE-NFC4.3.0.0
2025-04-25 11:05:43,653 [WARN] PackLoader:240 - Cannot read IP mode file for EmbeddedOffice.I-CUBE-FS-RTOS.1.0.1
2025-04-25 11:05:43,662 [WARN] PackLoader:240 - Cannot read IP mode file for STMicroelectronics.X-CUBE-WB05N.2.0.0
2025-04-25 11:05:43,669 [WARN] PackLoader:240 - Cannot read IP mode file for STMicroelectronics.X-CUBE-TCPP.4.2.0
2025-04-25 11:05:43,675 [WARN] PackLoader:240 - Cannot read IP mode file for RealThread.X-CUBE-RT-Thread_Nano.4.1.1
2025-04-25 11:05:43,679 [WARN] PackLoader:240 - Cannot read IP mode file for STMicroelectronics.FP-ATR-SIGFOX1.3.2.0
2025-04-25 11:05:43,682 [WARN] ConditionMgr:438 - getConditionDescription Invalid condition id : Cortex-A Device cause : null
2025-04-25 11:05:43,694 [WARN] ConditionMgr:1044 - genDependencies : Invalid condition id : Cortex-A Device cause : null
2025-04-25 11:05:43,694 [WARN] ConditionMgr:1044 - genDependencies : Invalid condition id : Cortex-A Device cause : null
2025-04-25 11:05:43,694 [WARN] ConditionMgr:1044 - genDependencies : Invalid condition id : Cortex-A Device cause : null
2025-04-25 11:05:43,699 [WARN] PackLoader:240 - Cannot read IP mode file for STMicroelectronics.X-CUBE-EEPRMA1.5.1.0
2025-04-25 11:05:43,703 [WARN] PackLoader:240 - Cannot read IP mode file for wolfSSL.I-CUBE-wolfSSL.5.7.6
2025-04-25 11:05:43,708 [WARN] PackLoader:240 - Cannot read IP mode file for ITTIA_DB.I-CUBE-ITTIADB.8.9.0
2025-04-25 11:05:43,747 [WARN] PackLoader:240 - Cannot read IP mode file for SEGGER.I-CUBE-embOS.1.3.1
2025-04-25 11:05:43,813 [WARN] PackLoader:240 - Cannot read IP mode file for STMicroelectronics.X-CUBE-ALGOBUILD.1.4.0
2025-04-25 11:05:43,833 [WARN] PackLoader:240 - Cannot read IP mode file for STMicroelectronics.X-CUBE-AZRTOS-F4.1.1.0
2025-04-25 11:05:43,838 [WARN] PackLoader:240 - Cannot read IP mode file for Avnet-IotConnect.X-CUBE-IoTC-DA16k-PMOD.1.0.0
2025-04-25 11:05:43,841 [WARN] PackLoader:240 - Cannot read IP mode file for STMicroelectronics.X-CUBE-ISPU.2.1.0
2025-04-25 11:05:43,854 [WARN] PackLoader:240 - Cannot read IP mode file for STMicroelectronics.X-CUBE-AZRTOS-L5.2.0.0
2025-04-25 11:05:43,864 [WARN] PackLoader:240 - Cannot read IP mode file for STMicroelectronics.X-CUBE-NFC6.3.1.0
2025-04-25 11:05:43,870 [WARN] PackLoader:240 - Cannot read IP mode file for STMicroelectronics.X-CUBE-DPower.1.2.0
2025-04-25 11:05:43,873 [WARN] PackLoader:240 - Cannot read IP mode file for STMicroelectronics.X-CUBE-FREERTOS.1.3.0
2025-04-25 11:05:43,879 [WARN] PackLoader:240 - Cannot read IP mode file for STMicroelectronics.X-CUBE-NFC7.1.0.1
2025-04-25 11:05:43,884 [WARN] PackLoader:240 - Cannot read IP mode file for STMicroelectronics.X-CUBE-DPower.1.3.0
2025-04-25 11:05:43,903 [WARN] ConditionMgr:438 - getConditionDescription Invalid condition id : LAN8742 Phy interface Condition cause : null
2025-04-25 11:05:43,904 [WARN] PackLoader:240 - Cannot read IP mode file for STMicroelectronics.X-CUBE-AZRTOS-L4.2.0.0
2025-04-25 11:05:43,907 [WARN] ConditionMgr:1044 - genDependencies : Invalid condition id : LAN8742 Phy interface Condition cause : null
2025-04-25 11:05:43,908 [WARN] ConditionMgr:1044 - genDependencies : Invalid condition id : LAN8742 Phy interface Condition cause : null
2025-04-25 11:05:43,909 [WARN] ConditionMgr:1044 - genDependencies : Invalid condition id : LAN8742 Phy interface Condition cause : null
2025-04-25 11:05:43,917 [WARN] PackLoader:240 - Cannot read IP mode file for STMicroelectronics.X-CUBE-SFXS2LP1.4.0.0
2025-04-25 11:05:43,935 [WARN] PackLoader:240 - Cannot read IP mode file for STMicroelectronics.X-CUBE-AZRTOS-H7.3.3.0
2025-04-25 11:05:43,950 [WARN] ConditionMgr:438 - getConditionDescription Invalid condition id : UX DEVICE CLASS RTOS Condition cause : null
2025-04-25 11:05:43,951 [WARN] ConditionMgr:438 - getConditionDescription Invalid condition id : UX DEVICE CLASS RTOS Condition cause : null
2025-04-25 11:05:43,953 [WARN] PackLoader:240 - Cannot read IP mode file for STMicroelectronics.X-CUBE-AZRTOS-WB.2.0.0
2025-04-25 11:05:43,953 [WARN] ConditionMgr:1044 - genDependencies : Invalid condition id : UX DEVICE CLASS RTOS Condition cause : null
2025-04-25 11:05:43,953 [WARN] ConditionMgr:1044 - genDependencies : Invalid condition id : UX DEVICE CLASS RTOS Condition cause : null
2025-04-25 11:05:43,954 [WARN] ConditionMgr:1044 - genDependencies : Invalid condition id : UX DEVICE CLASS RTOS Condition cause : null
2025-04-25 11:05:43,954 [WARN] ConditionMgr:1044 - genDependencies : Invalid condition id : UX DEVICE CLASS RTOS Condition cause : null
2025-04-25 11:05:43,954 [WARN] ConditionMgr:1044 - genDependencies : Invalid condition id : UX DEVICE CLASS RTOS Condition cause : null
2025-04-25 11:05:43,959 [WARN] PackLoader:240 - Cannot read IP mode file for STMicroelectronics.X-CUBE-GNSS1.7.0.1
2025-04-25 11:05:43,964 [WARN] PackLoader:240 - Cannot read IP mode file for STMicroelectronics.X-CUBE-TOUCHGFX.4.25.0
2025-04-25 11:05:43,969 [WARN] PackLoader:240 - Cannot read IP mode file for STMicroelectronics.FP-SNS-STBOX1.2.0.0
2025-04-25 11:05:43,982 [WARN] PackLoader:240 - Cannot read IP mode file for STMicroelectronics.X-CUBE-SUBG2.5.0.0
2025-04-25 11:05:44,022 [WARN] PackLoader:240 - Cannot read IP mode file for STMicroelectronics.X-CUBE-AZRTOS-H7RS.1.1.0
2025-04-25 11:05:44,031 [WARN] PackLoader:240 - Cannot read IP mode file for Cesanta.I-CUBE-Mongoose.7.13.0
2025-04-25 11:05:44,053 [WARN] PackLoader:240 - Cannot read IP mode file for STMicroelectronics.X-CUBE-AZRTOS-G4.2.0.0
2025-04-25 11:05:44,088 [WARN] PackLoader:240 - Cannot read IP mode file for STMicroelectronics.X-CUBE-IPS.3.1.0
2025-04-25 11:05:44,104 [WARN] PackLoader:240 - Cannot read IP mode file for STMicroelectronics.X-CUBE-ALS.1.0.2
2025-04-25 11:05:44,108 [WARN] PackLoader:240 - Cannot read IP mode file for STMicroelectronics.X-CUBE-TOUCHGFX.4.24.2
2025-04-25 11:05:44,112 [WARN] PackLoader:240 - Cannot read IP mode file for wolfSSL.I-CUBE-wolfTPM.3.4.0
2025-04-25 11:05:44,117 [WARN] PackLoader:240 - Cannot read IP mode file for portGmbH.I-Cube-SoM-uGOAL.1.1.0
2025-04-25 11:05:44,135 [WARN] PackLoader:240 - Cannot read IP mode file for STMicroelectronics.X-CUBE-AZRTOS-H7RS.1.0.0
2025-04-25 11:05:44,148 [WARN] PackLoader:240 - Cannot read IP mode file for STMicroelectronics.X-CUBE-TOF1.3.4.2
2025-04-25 11:05:44,169 [WARN] PackLoader:240 - Cannot read IP mode file for STMicroelectronics.X-CUBE-TOF1.3.4.3
2025-04-25 11:05:44,180 [WARN] PackLoader:240 - Cannot read IP mode file for wolfSSL.I-CUBE-wolfSSH.1.4.17
2025-04-25 11:05:44,181 [INFO] ThirdParty:978 - Integrity check success = true
2025-04-25 11:05:44,181 [INFO] IntegrityCheckThread:100 - exiting critical section [integrity check]
2025-04-25 11:05:44,181 [INFO] IntegrityCheckThread:103 - End integrity checks thread
2025-04-25 14:52:48,202 [INFO] WebApp:194 - Connection lost
2025-04-25 14:52:48,598 [INFO] WebApp:191 - Connection restablished
2025-04-25 14:52:50,460 [INFO] WebApp:194 - Connection lost
2025-04-25 14:52:51,065 [INFO] WebApp:191 - Connection restablished
2025-04-25 14:52:57,053 [INFO] WebApp:194 - Connection lost
2025-04-25 14:52:57,194 [INFO] WebApp:191 - Connection restablished
2025-04-25 16:29:53,879 [ERROR] LogOutputStream:75 - [STDERR_REDIRECT] 
